<?xml version="1.0" encoding="UTF-8"?>
<!-- Generated by org.testng.reporters.JUnitReportReporter -->
<testsuite hostname="DESKTOP-MHIB8S6" failures="0" tests="1" name="Switch_Case.Alert_Confirmation" time="18.833" errors="0" timestamp="2021-12-07T23:23:06 GMT-08:00" skipped="0">
  <testcase classname="Switch_Case.Alert_Confirmation" name="confirmation_alert" time="18.833"/>
  <system-out/>
</testsuite> <!-- Switch_Case.Alert_Confirmation -->
