<?xml version="1.0" encoding="UTF-8"?>
<!-- Generated by org.testng.reporters.JUnitReportReporter -->
<testsuite hostname="DESKTOP-MHIB8S6" failures="0" tests="4" name="TestNg.TestNg_Method" time="0.015" errors="0" timestamp="2021-12-03T09:35:50 GMT-08:00" skipped="0">
  <testcase classname="TestNg.TestNg_Method" name="compose" time="0.011"/>
  <system-out/>
  <testcase classname="TestNg.TestNg_Method" name="login" time="0.001"/>
  <system-out/>
  <testcase classname="TestNg.TestNg_Method" name="draft" time="0.002"/>
  <system-out/>
  <testcase classname="TestNg.TestNg_Method" name="signUp" time="0.001"/>
  <system-out/>
</testsuite> <!-- TestNg.TestNg_Method -->
