<?xml version="1.0" encoding="UTF-8"?>
<!-- Generated by org.testng.reporters.JUnitReportReporter -->
<testsuite hostname="DESKTOP-MHIB8S6" failures="0" tests="4" name="TestNg.TestNg" time="0.030" errors="0" timestamp="2021-12-03T09:31:30 GMT-08:00" skipped="0">
  <testcase classname="TestNg.TestNg" name="Testcase" time="0.012"/>
  <system-out/>
  <testcase classname="TestNg.TestNg" name="Testcase2" time="0.008"/>
  <system-out/>
  <testcase classname="TestNg.TestNg" name="Testcase1" time="0.003"/>
  <system-out/>
  <testcase classname="TestNg.TestNg" name="Testcase3" time="0.007"/>
  <system-out/>
</testsuite> <!-- TestNg.TestNg -->
