<?xml version="1.0" encoding="UTF-8"?>
<!-- Generated by org.testng.reporters.JUnitReportReporter -->
<testsuite hostname="DESKTOP-MHIB8S6" failures="0" tests="1" name="Switch_Case.Window" time="28.335" errors="0" timestamp="2021-12-08T01:43:01 GMT-08:00" skipped="0">
  <testcase classname="Switch_Case.Window" name="TestWindow" time="28.335"/>
  <system-out/>
</testsuite> <!-- Switch_Case.Window -->
