<?xml version="1.0" encoding="UTF-8"?>
<!-- Generated by org.testng.reporters.JUnitReportReporter -->
<testsuite hostname="DESKTOP-MHIB8S6" failures="0" tests="1" name="Calender.Calender" time="25.125" errors="0" timestamp="2021-12-09T12:42:03 GMT-08:00" skipped="0">
  <testcase classname="Calender.Calender" name="Calender_Test" time="25.125"/>
  <system-out/>
</testsuite> <!-- Calender.Calender -->
