<?xml version="1.0" encoding="UTF-8"?>
<!-- Generated by org.testng.reporters.JUnitReportReporter -->
<testsuite hostname="DESKTOP-MHIB8S6" failures="0" tests="2" name="TestNg.TestNg_Annotation" time="3.378" errors="0" timestamp="2021-12-04T05:45:32 GMT-08:00" skipped="0">
  <testcase classname="TestNg.TestNg_Annotation" name="TestSearch" time="3.357"/>
  <system-out/>
  <testcase classname="TestNg.TestNg_Annotation" name="TaskCreated_goglesearch" time="0.021"/>
  <system-out/>
</testsuite> <!-- TestNg.TestNg_Annotation -->
