<?xml version="1.0" encoding="UTF-8"?>
<!-- Generated by org.testng.reporters.JUnitReportReporter -->
<testsuite hostname="DESKTOP-MHIB8S6" failures="0" tests="1" name="TestNg.TestNg_TimeOut" time="0.264" errors="0" timestamp="2021-12-04T05:19:06 GMT-08:00" skipped="0">
  <testcase classname="TestNg.TestNg_TimeOut" name="TimeOut" time="0.264"/>
  <system-out/>
</testsuite> <!-- TestNg.TestNg_TimeOut -->
