<?xml version="1.0" encoding="UTF-8"?>
<!-- Generated by org.testng.reporters.JUnitReportReporter -->
<testsuite hostname="DESKTOP-MHIB8S6" failures="0" tests="1" name="JavaScript.Javascript_Test" time="19.903" errors="0" timestamp="2021-12-19T21:35:32 IST" skipped="0">
  <testcase classname="JavaScript.Javascript_Test" name="testCase" time="19.903"/>
  <system-out/>
</testsuite> <!-- JavaScript.Javascript_Test -->
