<?xml version="1.0" encoding="UTF-8"?>
<!-- Generated by org.testng.reporters.JUnitReportReporter -->
<testsuite hostname="DESKTOP-MHIB8S6" failures="0" tests="1" name="TestNg.Reverse_string" time="0.018" errors="0" timestamp="2021-12-04T00:17:36 GMT-08:00" skipped="0">
  <testcase classname="TestNg.Reverse_string" name="reverse" time="0.018"/>
  <system-out/>
</testsuite> <!-- TestNg.Reverse_string -->
