<?xml version="1.0" encoding="UTF-8"?>
<!-- Generated by org.testng.reporters.JUnitReportReporter -->
<testsuite hostname="DESKTOP-MHIB8S6" failures="0" tests="1" name="JavaScript.scrolling" time="12.686" errors="0" timestamp="2021-12-19T22:09:26 IST" skipped="0">
  <testcase classname="JavaScript.scrolling" name="scrolling1" time="12.686"/>
  <system-out/>
</testsuite> <!-- JavaScript.scrolling -->
