<?xml version="1.0" encoding="UTF-8"?>
<!-- Generated by org.testng.reporters.JUnitReportReporter -->
<testsuite hostname="DESKTOP-MHIB8S6" failures="0" tests="1" name="JavaScript.JavascriptDemo2" time="38.661" errors="0" timestamp="2021-12-19T22:00:26 IST" skipped="0">
  <testcase classname="JavaScript.JavascriptDemo2" name="f" time="38.661"/>
  <system-out/>
</testsuite> <!-- JavaScript.JavascriptDemo2 -->
