<?xml version="1.0" encoding="UTF-8"?>
<!-- Generated by org.testng.reporters.JUnitReportReporter -->
<testsuite hostname="DESKTOP-MHIB8S6" failures="0" tests="1" name="Switch_Case.Switch_Case" time="52.012" errors="0" timestamp="2021-12-06T21:49:47 GMT-08:00" skipped="0">
  <testcase classname="Switch_Case.Switch_Case" name="TestElement" time="52.012"/>
  <system-out/>
</testsuite> <!-- Switch_Case.Switch_Case -->
