<?xml version="1.0" encoding="UTF-8"?>
<!-- Generated by org.testng.reporters.JUnitReportReporter -->
<testsuite hostname="DESKTOP-MHIB8S6" failures="0" tests="1" name="Switch_Case.Frames" time="14.856" errors="0" timestamp="2021-12-06T23:01:06 GMT-08:00" skipped="0">
  <testcase classname="Switch_Case.Frames" name="f" time="14.856"/>
  <system-out/>
</testsuite> <!-- Switch_Case.Frames -->
