<?xml version="1.0" encoding="UTF-8"?>
<!-- Generated by org.testng.reporters.JUnitReportReporter -->
<testsuite skipped="0" hostname="DESKTOP-LLLGMOJ" name="testscripts.TestLogic" tests="1" failures="0" timestamp="2021-10-25T20:34:07 IST" time="15.244" errors="0">
  <testcase name="testSetupMethod" time="15.244" classname="testscripts.TestLogic"/>
  <system-out/>
</testsuite> <!-- testscripts.TestLogic -->
