<?xml version="1.0" encoding="UTF-8"?>
<!-- Generated by org.testng.reporters.JUnitReportReporter -->
<testsuite skipped="0" hostname="DESKTOP-LLLGMOJ" name="vtigertests.testVtigerLeadsAssignment" tests="3" failures="0" timestamp="2021-12-18T09:24:26 IST" time="12.211" errors="0">
  <testcase name="testAddLead" time="7.971" classname="vtigertests.testVtigerLeadsAssignment"/>
  <system-out/>
  <testcase name="testEditLead" time="3.003" classname="vtigertests.testVtigerLeadsAssignment"/>
  <system-out/>
  <testcase name="testDeleteLead" time="1.237" classname="vtigertests.testVtigerLeadsAssignment"/>
  <system-out/>
</testsuite> <!-- vtigertests.testVtigerLeadsAssignment -->
