<?xml version="1.0" encoding="UTF-8"?>
<!-- Generated by org.testng.reporters.JUnitReportReporter -->
<testsuite skipped="0" hostname="DESKTOP-LLLGMOJ" name="utilities.DateUtility" tests="1" failures="0" timestamp="2021-12-17T08:56:40 IST" time="0.025" errors="0">
  <testcase name="testCase" time="0.025" classname="utilities.DateUtility"/>
  <system-out/>
</testsuite> <!-- utilities.DateUtility -->
