<?xml version="1.0" encoding="UTF-8"?>
<!-- Generated by org.testng.reporters.JUnitReportReporter -->
<testsuite skipped="0" hostname="DESKTOP-LLLGMOJ" name="vtigertests.testVtigerCompaingAssignment" tests="3" failures="0" timestamp="2021-12-17T15:27:38 IST" time="83.775" errors="0">
  <testcase name="testAddCompaings" time="23.325" classname="vtigertests.testVtigerCompaingAssignment"/>
  <system-out/>
  <testcase name="testEditCompaings" time="21.228" classname="vtigertests.testVtigerCompaingAssignment"/>
  <system-out/>
  <testcase name="testDeleteCompaings" time="39.222" classname="vtigertests.testVtigerCompaingAssignment"/>
  <system-out/>
</testsuite> <!-- vtigertests.testVtigerCompaingAssignment -->
