<?xml version="1.0" encoding="UTF-8"?>
<!-- Generated by org.testng.reporters.JUnitReportReporter -->
<testsuite skipped="0" hostname="DESKTOP-LLLGMOJ" name="vtigertests.VtigerCompaingAssignment" tests="3" failures="0" timestamp="2021-12-17T11:29:48 IST" time="84.854" errors="0">
  <testcase name="addCompaings" time="24.766" classname="vtigertests.VtigerCompaingAssignment"/>
  <system-out/>
  <testcase name="editCompaings" time="20.929" classname="vtigertests.VtigerCompaingAssignment"/>
  <system-out/>
  <testcase name="deleteCompaings" time="39.159" classname="vtigertests.VtigerCompaingAssignment"/>
  <system-out/>
</testsuite> <!-- vtigertests.VtigerCompaingAssignment -->
