<?xml version="1.0" encoding="UTF-8"?>
<!-- Generated by org.testng.reporters.JUnitReportReporter -->
<testsuite skipped="0" hostname="DESKTOP-LLLGMOJ" name="vtigertests.testVtigerContactsAssignment" tests="3" failures="0" timestamp="2021-12-17T12:24:05 IST" time="92.574" errors="0">
  <testcase name="testAddContact" time="23.811" classname="vtigertests.testVtigerContactsAssignment"/>
  <system-out/>
  <testcase name="testEditContact" time="25.819" classname="vtigertests.testVtigerContactsAssignment"/>
  <system-out/>
  <testcase name="testDeleteContact" time="42.944" classname="vtigertests.testVtigerContactsAssignment"/>
  <system-out/>
</testsuite> <!-- vtigertests.testVtigerContactsAssignment -->
