<?xml version="1.0" encoding="UTF-8"?>
<!-- Generated by org.testng.reporters.JUnitReportReporter -->
<testsuite skipped="0" hostname="DESKTOP-LLLGMOJ" name="vtigertests.testVtigerOrganizationsAssignment" tests="3" failures="0" timestamp="2021-12-17T12:24:05 IST" time="92.683" errors="0">
  <testcase name="testAddOrganization" time="24.556" classname="vtigertests.testVtigerOrganizationsAssignment"/>
  <system-out/>
  <testcase name="testEditOrganization" time="25.444" classname="vtigertests.testVtigerOrganizationsAssignment"/>
  <system-out/>
  <testcase name="testDeleteContact" time="42.683" classname="vtigertests.testVtigerOrganizationsAssignment"/>
  <system-out/>
</testsuite> <!-- vtigertests.testVtigerOrganizationsAssignment -->
